[37m14:47:24.638 > [[37mL[37moRaWAN][37m [37mAttempting[37m [37mover-the-ai[37mr[37m activatio[37mn[37m (attempt 4[37m [37mof 5) ... [37mf[37ma[37mil[37me[37md, code -1[37m1[37m16
14:47:31.364 > [LoRaWA[37mN[37m] Error cod[37me[37m: -1116
[37m14:47:39.362 > [[37mLoRaWAN] [37mA[37mttempting o[37mv[37mer-the-air[37m [37mactivation [37m([37mattempt 5 [37mo[37mf 5) ... [37mf[37maile[37md[37m, code -111[37m6[37m
14:47:46.088 > [LoRaWAN[37m][37m Error code[37m:[37m -1116
[37m14:48:02.085 > [[37mL[37moRaWAN] Fa[37mi[37mled to joi[37mn[37m after maxi[37mm[37mum attempts[37m.[37m
[37m14:48:06.006 > M[37mo[37mtion detec[37mt[37med!
[37m14:48:09.388 > M[37mo[37mtion detec[37mt[37med!
[37m14:48:10.415 > E[37mS[37mP-ROM:[37me[37msp32s3-2021[37m0[37m327
[37m14:48:10.420 > B[37mu[37mil[37md[37m:Mar 27 202[37m1[37m
14:48:10.422 > rst:0x1 ([37mP[37mOWERON),bo[37mo[37mt:0x3d (SPI[37m_[37mFAST_FLASH[37m_[37mBOOT)
14:48:10.426 > SPIW[37mP[37m:0xee
14:48:10.427 > mod[37me[37m:DIO, clock[37m [37mdiv:1
14:48:10.429 > loa[37md[37m:0x3fce380[37m8[37m,len:0x4bc[37m
[37m14:48:10.432 > load:0x403[37mc[37m9700,len:0x[37mb[37md8
14:48:10.434 > load:0[37mx[37m403cc700,le[37mn[37m:0x2a0c
14:48:10.436 > en[37mt[37mry 0x403c9[37m8[37md0
[37m14:48:10.524 > [[37m [37m  110][V][37m[[37mesp32-hal-[37mu[37mart.c:330][37m [37muartBegin()[37m:[37m UART0 bau[37md[37m(115200) Mo[37md[37me(800001c) [37mr[37mxPin(44) t[37mx[37mPin(43)
14:48:10.533 > [[37m [37m  119][V][[37me[37msp32-hal-ua[37mr[37mt.c:416] u[37ma[37mrtBegin(): [37mU[37mART0 not i[37mn[37mstalled. St[37ma[37mrting inst[37ma[37mllation
[37m14:48:10.542 > [[37m   128][37m[[37mV][esp32-ha[37ml[37m-uart.c:46[37m7[37m] uartBegin[37m([37m): UART0 i[37mn[37mitializatio[37mn[37m done.
[37m14:48:10.848 > 
[37m14:48:10.849 > 
[37m14:48:10.849 > === Heltec[37m [37mESP32 LoRa [37mS[37mensor Node[37m [37m===
14:48:10.852 > Boot c[37mo[37munt: 1
14:48:10.853 > Wa[37mk[37meup was not[37m [37mcaused by [37md[37meep sleep
[37m14:48:10.857 > [[37m   434][I][37m[[37mesp32-hal-i[37m2[37mc.c:75] i2c[37mI[37mnit(): Ini[37mt[37mialising I[37m2[37mC Master: s[37md[37ma=45 scl=4[37m6[37m freq=10000[37m0[37m
[37m14:48:11.865 > D[37mi[37msplay init[37mi[37malized
[37m14:48:13.865 > P[37mI[37mR motion s[37me[37mnsor initia[37ml[37mized on pi[37mn[37m 5
[37m14:48:14.429 > [[37m [37m 4[37m0[37m15][W][Wir[37me[37m.cpp:301] b[37me[37mgin(): Bus [37ma[37mlready sta[37mr[37mted in Mast[37me[37mr Mode.
14:48:14.435 > S[37mc[37manning I2C[37m [37mbus...
[37m14:48:14.451 > I[37m2[37mC devi[37mc[37me found at [37ma[37mddress 0x7[37m6[37m
14:48:14.454 > Found 1 I[37m2[37mC device(s[37m)[37m
14:48:14.456 > Trying BM[37mE[37m280 at add[37mr[37mess 0x76...[37m [37m[  4038][W[37m][37m[Wire.cpp:3[37m0[37m1] begin()[37m:[37m Bus alread[37my[37m started i[37mn[37m Master Mod[37me[37m.
[37m14:48:14.588 > S[37mu[37mccess!
[37m14:48:14.590 > B[37mME280 s[37me[37mnsor initia[37ml[37mized
[37m14:48:15.453 > [[37mL[37moRa[37mM[37manager] Cr[37me[37mating SX126[37m2[37m instance.[37m.[37m.
14:48:15.457 > [SX1262][37m [37mInitializin[37mg[37m ... [37ms[37mu[37mccess!
14:48:15.504 > [[37mL[37moRaManager][37m [37mConfigurin[37mg[37m LoRaWAN fo[37mr[37m EU868 ban[37md[37m...
14:48:15.509 > [LoRaM[37ma[37mnager] Usin[37mg[37m EU868 reg[37mi[37mon with sub[37mb[37mand: 2
14:48:15.513 > [L[37mo[37mRaManager][37m [37mInitializin[37mg[37m node...
[37m14:48:15.517 > [[37mLoRaManager[37m][37m LoRaWAN no[37md[37me initiali[37mz[37med successf[37mu[37mlly!
14:48:15.521 > LoRa[37m [37minitialized[37m [37mand ready[37m
[37m14:48:15.814 > [[37mL[37moRaManager][37m [37mDownlink c[37ma[37mllback regi[37ms[37mtered
[37m14:48:17.242 > [[37mL[37moRa[37mW[37mAN] Attempt[37mi[37mng over-the[37m-[37mair activa[37mt[37mion (attemp[37mt[37m 1 of 5) .[37m.[37m. [37mf[37ma[37miled, [37mc[37mode -1116
[37m14:48:23.618 > [[37mLoRaWAN] E[37mr[37mror code: [37m-[37m1116
[37m14:48:24.616 > [[37mL[37moRaWAN] Atte[37mm[37mpting over[37m-[37mthe-air act[37mi[37mvation (at[37mt[37mempt 2 of 5[37m)[37m ... [37mf[37ma[37miled, c[37mo[37mde -1116
[37m14:48:31.342 > [[37mLoRaWAN] Er[37mr[37mor code: -[37m1[37m116
[37m14:48:33.340 > [[37mLo[37mR[37maWAN] Atte[37mm[37mpting over-[37mt[37mhe-air act[37mi[37mvation (att[37me[37mmpt 3 of 5[37m)[37m ... [37mf[37ma[37miled, co[37md[37me -1116
14:48:40.065 > [[37mL[37moRaWAN] Er[37mr[37mor code: -1[37m1[37m16
[37m14:48:44.064 > [[37mLoR[37ma[37mWAN] Attem[37mp[37mting over-t[37mh[37me-air acti[37mv[37mation (atte[37mm[37mpt 4 of 5)[37m [37m... [37mf[37ma[37miled, co[37md[37me -1116
14:48:50.789 > [L[37mo[37mRaWAN] Err[37mo[37mr code: -11[37m1[37m6
[37m14:48:58.787 > [[37mL[37moRa[37mW[37mAN] Attempt[37mi[37mng over-th[37me[37m-air activa[37mt[37mion (attem[37mp[37mt 5 of 5) [37m.[37m.. [37mf[37ma[37miled, code[37m [37m-1116
14:49:05.513 > [Lo[37mR[37maWAN] Error[37m [37mcode: -111[37m6[37m
[37m14:49:21.511 > [[37mL[37moRaWA[37mN[37m] Failed t[37mo[37m join after[37m [37mmaximum at[37mt[37mempts.
[37m14:49:25.430 > M[37mo[37mtion[37m [37mdetected!
[37m14:49:28.662 > M[37mo[37mtion [37md[37metected!
[37m14:49:33.925 > M[37mo[37mtion [37md[37metected!
[37m14:49:37.718 > M[37mo[37mtion d[37me[37mtected!
[37m14:49:42.000 > M[37mo[37mtion d[37me[37mtected!
[37m14:49:45.443 > M[37mo[37mtion d[37me[37mtected!
[37m14:49:50.096 > M[37mo[37mtion de[37mt[37mected!
[37m14:49:56.147 > M[37mo[37mtion de[37mt[37mected!
[37m14:50:00.019 > M[37mo[37mtion det[37me[37mcted!
[37m14:50:04.181 > M[37mo[37mtion det[37me[37mcted!
[37m14:50:08.623 > M[37mo[37mtion det[37me[37mcted!
[37m14:50:13.105 > M[37motion dete[37mc[37mted!
[37m14:50:16.447 > M[37mo[37mtion dete[37mc[37mted!
[37m14:50:22.760 > M[37motion dete[37mc[37mted!
[37m14:50:26.861 > M[37mo[37mtion detec[37mt[37med!
[37m14:50:31.733 > M[37mo[37mtion detec[37mt[37med!
[37m14:50:35.375 > M[37mo[37mtion detect[37me[37md!
[37m14:50:39.147 > M[37mo[37mtion detect[37me[37md!
[37m14:50:45.289 > M[37mo[37mtion detect[37me[37md!
[37m14:50:49.001 > M[37mo[37mtion detecte[37md[37m!
[37m14:50:52.263 > M[37mo[37mtion detecte[37md[37m!
[37m14:50:56.405 > M[37mot[37mi[37mon detecte[37md[37m!
[37m14:50:59.727 > M[37mot[37mi[37mon detected[37m![37m
[37m14:51:03.718 > M[37mot[37mi[37mon detected[37m![37m
[37m14:51:06.630 > M[37mo[37mti[37mo[37mn detected[37m![37m
[37m14:51:12.462 > M[37moti[37mo[37mn detected![37m[37m
[37m14:51:18.005 > M[37moti[37mo[37mn detected![37m[37m
