[37m23:24:09.150 > E[37mS[37mP-ROM:es[37mp[37m32s3-20210[37m3[37m27
[37m23:24:09.155 > B[37mu[37mild:[37mM[37mar 27 2021[37m[37m
23:24:09.158 > rst:0x1 (P[37mO[37mWERON),boo[37mt[37m:0x8 (SPI_F[37mA[37mST_FLASH_B[37mO[37mOT)
23:24:09.161 > SPIWP:[37m0[37mxee
23:24:09.162 > mode:D[37mI[37mO, clock d[37mi[37mv:1
23:24:09.164 > load:0[37mx[37m3fce3808,l[37me[37mn:0x4bc
23:24:09.166 > lo[37ma[37md:0x403c97[37m0[37m0,len:0xbd8[37m[37m
23:24:09.169 > load:0x40[37m3[37mcc700,len:0[37mx[37m2a0c
23:24:09.171 > entr[37my[37m 0x403c98d0[37m[37m
[37m23:24:09.275 > [[37m [37m  12[37m6[37m][V][esp32[37m-[37mhal-uart.c:[37m3[37m30] uartBeg[37mi[37mn(): UART0[37m [37mbaud(115200[37m)[37m Mode(8000[37m0[37m1c) rxPin(4[37m4[37m) txPin(43[37m)[37m
23:24:09.285 > [   135][37m[[37mV][esp32-h[37ma[37ml-uart.c:41[37m6[37m] uartBegi[37mn[37m(): UART0 n[37mo[37mt installe[37md[37m. Starting [37mi[37mnstallatio[37mn[37m
23:24:09.292 > [   [37m1[37m43][V][esp[37m3[37m2-hal-uart.[37mc[37m:467] uart[37mB[37megin(): UAR[37mT[37m0 initiali[37mz[37mation done.[37m[37m
[37m23:24:09.398 > 
[37m23:24:09.399 > 
[37m23:24:09.400 > === Heltec E[37mS[37mP32 LoRa S[37me[37mnsor Node =[37m==
23:24:09.403 > Boot co[37mu[37mnt: 1
23:24:09.404 > [   [37m2[37m49][I][esp[37m3[37m2-hal-i2c.c[37m:[37m75] i2cIni[37mt[37m(): Initial[37mi[37msing I2C M[37ma[37mster: sda=4[37m6[37m scl=45 fr[37me[37mq=100000
[37m23:24:09.412 > [[37m   263[37m][37m[W][Wire.cp[37mp[37m:301] begin[37m([37m): Bus alr[37me[37mady started[37m [37min Master [37mM[37mode.
23:24:09.419 > [  [37m [37m269][W][Wir[37me[37m.cpp:301] b[37me[37mgin(): Bus[37m [37malready sta[37mr[37mted in Mas[37mt[37mer Mode.
[37m23:24:09.744 > [[37m [37m  594][W[37m][37m[Wire.cpp:3[37m0[37m1] begin():[37m [37mBus alread[37my[37m started in[37m [37mMaster Mod[37me[37m.
23:24:09.751 > [   601[37m][37m[W][Wire.c[37mp[37mp:301] begi[37mn[37m(): Bus alr[37me[37mady starte[37md[37m in Master[37m [37mMode.
23:24:09.756 > [ [37m [37m 607][W][W[37mi[37mre.cpp:301][37m [37mbegin(): B[37mu[37ms already s[37mt[37marted in M[37ma[37mster Mode.[37m
[37m23:24:09.763 > BME280 se[37mn[37msor not fo[37mu[37mnd!
[37m23:24:10.263 > I[37mn[37mitializing S[37mX[37m1276... [37mF[37ma[37miled, code:[37m [37m-2
23:24:10.425 > LoRa e[37mr[37mror: Failed[37m [37mto initial[37mi[37mze radio
[37m23:24:10.430 > L[37mo[37mRa initial[37mi[37mzation fai[37ml[37med!
