[37m11:12:46.274 > i[37mnto[37m [37mdeep sleep[37m
[37m11:12:53.453 > E[37mSP-ROM:esp3[37m2[37ms3-2021032[37m7[37m
[37m11:12:53.458 > B[37mu[37mild:M[37ma[37mr 27 2021
[37m11:12:53.461 > r[37mst:0x1 (PO[37mW[37mERON),boot:[37m0[37mx1c (SPI_FA[37mS[37mT_FLASH_BO[37mO[37mT)
11:12:53.465 > SPIWP:0[37mx[37mee
11:12:53.466 > mode:D[37mI[37mO, clock di[37mv[37m:1
11:12:53.468 > load:0[37mx[37m3fce3818,le[37mn[37m:0x508
11:12:53.470 > loa[37md[37m:0x403c970[37m0[37m,len:0x4
[37m11:12:53.473 > l[37moad:0x403c9[37m7[37m04,len:0xa[37md[37m0
11:12:53.475 > load:0x4[37m0[37m3cc700,len[37m:[37m0x29d8
11:12:53.477 > ent[37mr[37my 0x403c98[37m8[37m0
[37m11:12:53.629 > s[37melec[37mt[37m external [37m3[37m2K RTC
11:12:53.631 > wa[37mi[37mting for 32[37mk[37m oscillator[37m [37mto start u[37mp[37m
[37m11:12:53.761 > d[37me[37mepsle[37me[37mp wake tim[37me[37m : 43 ms
11:12:53.764 > E[37mS[37mP32ChipID=[37mC[37m45E3E43CA48[37m[37m
[37m11:13:15.218 > l[37mora[37mM[37mode 0:into [37mT[37mX mode
[37m11:13:15.268 > T[37mX don[37me[37m......
11:13:15.269 > lor[37ma[37mMode 0:int[37mo[37m RX mode
[37m11:13:16.269 > R[37mX[37m Timeout...[37m.[37m..
[37m11:13:19.063 > l[37mor[37ma[37mMode 0:int[37mo[37m TX mode
[37m11:13:19.113 > T[37mX[37m do[37mn[37me......
11:13:19.114 > lo[37mr[37maMode 0:in[37mt[37mo RX mode
[37m11:13:20.114 > R[37mX[37m Timeout...[37m.[37m..
[37m11:13:22.886 > l[37mor[37ma[37mMode 0:into[37m [37mTX mode
[37m11:13:22.936 > T[37mX do[37mn[37me......
11:13:22.937 > lo[37mr[37maMode 0:in[37mt[37mo RX mode
[37m11:13:23.938 > R[37mX[37m Timeout....[37m.[37m.
[37m11:13:26.062 > l[37mor[37ma[37mMode 0:into[37m [37mTX mode
[37m11:13:26.111 > T[37mX[37m do[37mn[37me......
11:13:26.113 > lo[37mr[37maMode 0:in[37mt[37mo RX mode
