[37m23:25:34.830 > E[37mSP-ROM:e[37msp32s3-20210[37m3[37m27
[37m23:25:34.835 > B[37mu[37mild[37m:[37mMar 27 2021[37m[37m
23:25:34.837 > rst:0x1 ([37mP[37mOWERON),boo[37mt[37m:0x8 (SPI_[37mF[37mAST_FLASH_B[37mO[37mOT)
23:25:34.841 > SPIWP[37m:[37m0xee
23:25:34.842 > mode:[37mD[37mIO, clock [37md[37miv:1
23:25:34.844 > load:[37m0[37mx3fce3808,[37ml[37men:0x4bc
23:25:34.847 > l[37mo[37mad:0x403c9700,len:0xbd[37m8[37m
23:25:34.849 > load:0x40[37m3[37mcc700,len:[37m0[37mx2a0c
23:25:34.851 > entr[37my[37m 0x403c98d[37m0[37m
[37m23:25:34.955 > [[37m [37m  1[37m2[37m6][V][esp32[37m-[37mhal-uart.c[37m:[37m330] uartBe[37mg[37min(): UART[37m0[37m baud(11520[37m0[37m) Mode(800[37m0[37m01c) rxPin([37m4[37m4) txPin(4[37m3[37m)
23:25:34.965 > [   135[37m][37m[V][esp32-[37mh[37mal-uart.c:4[37m1[37m6] uartBeg[37mi[37mn(): UART0 [37mn[37mot install[37me[37md. Starting[37m [37minstallatio[37mn[37m
23:25:34.972 > [  [37m [37m143][V][es[37mp[37m32-hal-uart[37m.[37mc:467] uart[37mB[37megin(): UA[37mR[37mT0 initiali[37mz[37mation done[37m.[37m
[37m23:25:35.078 > 
[37m23:25:35.079 > 
[37m23:25:35.079 > === Heltec [37mE[37mSP32 LoRa [37mSensor Node [37m=[37m==
23:25:35.082 > Boot c[37mo[37munt: 1
23:25:35.083 > [  [37m [37m249][I][es[37mp[37m32-hal-i2c.[37mc[37m:75] i2cIn[37mi[37mt(): Initia[37ml[37mising I2C [37mM[37master: sda=[37m4[37m6 scl=45 fr[37me[37mq=100000
[37m23:25:35.092 > [[37m   263[37m][37m[W][Wire.c[37mp[37mp:301] begi[37mn[37m(): Bus al[37mr[37meady starte[37md[37m in Master[37m [37mMode.
23:25:35.098 > [  [37m [37m269][W][Wi[37mr[37me.cpp:301] [37mb[37megin(): Bu[37ms[37m already st[37ma[37mrted in Ma[37ms[37mter Mode.
[37m23:25:35.420 > [[37m [37m  59[37m2[37m][W][Wire.c[37mp[37mp:301] beg[37mi[37mn(): Bus al[37mr[37meady start[37me[37md in Master[37m [37mMode.
23:25:35.427 > [ [37m [37m 598][W][Wi[37mr[37me.cpp:301][37m [37mbegin(): Bu[37ms[37m already s[37mt[37marted in Ma[37ms[37mter Mode.
[37m23:25:35.434 > [[37m   605][[37mW[37m][Wire.cpp[37m:[37m301] begin([37m)[37m: Bus alre[37ma[37mdy started [37mi[37mn Master M[37mo[37mde.
23:25:35.440 > BME28[37m0[37m sensor no[37mt[37m found!
[37m23:25:35.940 > I[37mn[37mitializing [37mS[37mX1276... [37mF[37ma[37miled, code[37m:[37m -2
23:25:36.102 > LoRa [37me[37mrror: Faile[37md[37m to initia[37ml[37mize radio
[37m23:25:36.106 > L[37mo[37mRa ini[37mt[37mialization [37mf[37mailed!
