[37m13:44:59.114 > I[37m2C device found [37ma[37mt address 0[37mx[37m76
13:44:59.117 > Found [37m1[37m I2C device[37m([37ms)
13:44:59.119 > Trying[37m [37mBME280 at [37ma[37mddress 0x76[37m.[37m.. [ 31694[37m][37m[W][Wire.cp[37mp[37m:301] begin[37m([37m): Bus alr[37me[37mady started[37m [37min Master [37mM[37mode.
[37m13:44:59.251 > S[37muccess![37m[37m
13:44:59.252 > BME2[37m8[37m0 sensor i[37mn[37mitialized
[37m13:45:00.117 > [[37mSX1262[37m][37m Initializi[37mn[37mg ... [37ms[37mu[37mccess[37m![37m
13:45:00.168 > LoRa init[37mi[37malized and [37mr[37meady
[37m13:45:01.898 > [[37mLoRaW[37mA[37mN] Attempt[37mi[37mng over-the[37m-[37mair activa[37mt[37mion ... [37ms[37mu[37mccess! ([37mn[37mew session [37ms[37mtarted)
[37m13:45:08.093 > N[37mew Lo[37mR[37maWAN sessio[37mn[37m created su[37mc[37mcessfully[37m
[37m13:45:08.097 > Sending sen[37ms[37mor data im[37mm[37mediately af[37mt[37mer joining[37m [37mthe network[37m[37m
[37m13:45:09.093 > S[37mtarting [37ms[37mendSensorDa[37mt[37ma function[37m[37m
13:45:09.096 > Reading BM[37mE[37m280 sensor[37m [37mdata
13:45:09.098 > Senso[37mr[37m readings [37m-[37m Temp: 22.5[37m3[37m°C, Humid[37mi[37mty: 32.32%,[37m [37mPressure: [37m9[37m96.40 hPa
[37m13:45:10.228 > S[37me[37mnding se[37mn[37msor data pa[37mc[37mket of 8 b[37my[37mtes
13:45:10.232 > Payloa[37md[37m hex: 00 E1[37m [37m01 43 00 6[37m3[37m 00 00 
13:45:10.235 > [[37mL[37moRaWAN] Sen[37md[37ming data .[37m.[37m. [37ms[37mu[37mccess! [37mN[37mo downlink [37mr[37meceived.
[37m13:45:15.785 > D[37mata sent su[37mc[37mcessfully![37m[37m
[37m13:45:21.954 > E[37mSP-[37mR[37mOM:esp32s3[37m-[37m20210327
[37m13:45:21.959 > B[37mu[37mild:Mar 2[37m7[37m 2021
13:45:21.961 > rst[37m:[37m0x1 (POWERO[37mN[37m),boot:0x3[37md[37m (SPI_FAST_[37mF[37mLASH_BOOT)[37m[37m
13:45:21.966 > SPIWP:0xee[37m[37m
13:45:21.967 > mode:DIO, [37mc[37mlock div:1[37m[37m
13:45:21.969 > load:0x3fc[37me[37m3808,len:0x4bc
13:45:21.971 > load:0[37mx[37m403c9700,l[37me[37mn:0xbd8
13:45:21.973 > lo[37ma[37md:0x403cc7[37m0[37m0,len:0x2a0[37mc[37m
13:45:21.976 > entry 0x[37m4[37m03c98d0
[37m13:45:22.067 > [[37m   [37m1[37m13][V][esp3[37m2[37m-hal-uart.[37mc[37m:330] uartB[37me[37mgin(): UAR[37mT[37m0 baud(1152[37m0[37m0) Mode(80[37m0[37m001c) rxPin[37m([37m44) txPin([37m4[37m3)
13:45:22.076 > [   12[37m2[37m][V][esp32-[37mh[37mal-uart.c:[37m4[37m16] uartBeg[37mi[37mn(): UART0[37m [37mnot install[37me[37md. Startin[37mg[37m installati[37mo[37mn
13:45:22.084 > [ [37m [37m 131][V][es[37mp[37m32-hal-uar[37mt[37m.c:467] uar[37mt[37mBegin(): U[37mA[37mRT0 initial[37mi[37mzation don[37me[37m.
[37m13:45:22.391 > 
[37m13:45:22.391 > 
13:45:22.391 > === [37mH[37meltec ESP32[37m [37mLoRa Senso[37mr[37m Node ===
[37m13:45:22.395 > B[37moot count:[37m [37m1
13:45:22.396 > Wakeup w[37ma[37ms not cause[37md[37m by deep s[37ml[37meep
13:45:22.399 > [   43[37m8[37m][I][esp32[37m-[37mhal-i2c.c:7[37m5[37m] i2cInit([37m)[37m: Initialis[37mi[37mng I2C Mas[37mt[37mer: sda=45[37m [37mscl=46 freq[37m=[37m100000
[37m13:45:23.410 > D[37mi[37msplay ini[37mt[37mialized
[37m13:45:25.415 > P[37mIR mo[37mt[37mion sensor [37mi[37mnitialized[37m [37mon pin 5
[37m13:45:25.980 > [[37m  402[37m6[37m][W][Wire.[37mc[37mpp:301] beg[37mi[37mn(): Bus a[37ml[37mready start[37me[37md in Maste[37mr[37m Mode.
13:45:25.986 > Sca[37mn[37mning I2C b[37mu[37ms...
[37m13:45:26.001 > I[37m2C device[37m [37mfound at a[37md[37mdress 0x76[37m
[37m13:45:26.005 > Found 1 I2[37mC[37m device(s)[37m
[37m13:45:26.007 > Trying BME[37m2[37m80 at addre[37ms[37ms 0x76... [37m[[37m  4049][W][[37mW[37mire.cpp:30[37m1[37m] begin(): [37mB[37mus already[37m [37mstarted in [37mM[37master Mode[37m.[37m
[37m13:45:26.139 > S[37muccess[37m![37m
13:45:26.140 > BM[37mE[37m280 sensor [37mi[37mnitialized[37m[37m
[37m13:45:27.005 > [[37mSX1[37m2[37m62] Initial[37mi[37mzing ... [37ms[37mucces[37ms[37m!
13:45:27.057 > LoRa in[37mi[37mtialized an[37md[37m ready
[37m13:45:28.785 > [[37mL[37moRaWAN] [37mA[37mttempting o[37mv[37mer-the-air[37m [37mactivation [37m.[37m.. [37ms[37muccess![37m [37m(new sessio[37mn[37m started)
[37m13:45:34.980 > N[37mew L[37mo[37mRaWAN sessi[37mo[37mn created [37ms[37muccessfully[37m[37m
13:45:34.984 > Sending s[37me[37mnsor data i[37mm[37mmediately [37ma[37mfter joinin[37mg[37m the netwo[37mr[37mk
[37m13:45:35.980 > S[37mtarting[37m [37msendSensor[37mD[37mata functio[37mn[37m
13:45:35.983 > Reading [37mB[37mME280 sens[37mo[37mr data
13:45:35.985 > Sen[37ms[37mor readings[37m [37m- Temp: 22[37m.[37m64°C, Humi[37md[37mity: 35.70[37m%[37m, Pressure:[37m [37m996.39 hPa[37m[37m
[37m13:45:37.115 > S[37men[37md[37ming sensor[37m [37mdata packet[37m [37mof 8 bytes[37m[37m
13:45:37.119 > Payload he[37mx[37m: 00 E2 01[37m [37m64 00 63 00[37m [37m00 
13:45:37.122 > [LoRa[37mW[37mAN] Sending[37m [37mdata ... [37ms[37muccess[37m![37m No downlin[37mk[37m received.[37m[37m
13:45:42.671 > Data sent [37ms[37muccessfull[37my[37m!
[37m13:45:51.958 > N[37metwork [37mj[37moined. Next[37m [37mtransmissi[37mo[37mn in 111 se[37mc[37monds
