[37m15:01:17.438 > f[37ma[37miled, co[37md[37me -1116
15:01:17.440 > [L[37mo[37mRaWAN] Error code: -1116
[37m15:01:18.439 > [[37mLoR[37ma[37mWAN] Attemp[37mt[37ming over-t[37mh[37me-air activ[37ma[37mtion (atte[37mm[37mpt 2 of 5) [37m.[37m.. [37mf[37ma[37miled, cod[37me[37m -1116
15:01:25.163 > [L[37mo[37mRaWAN] Erro[37mr[37m code: -11[37m1[37m6
[37m15:01:27.161 > [[37mLoRa[37mW[37mAN] Attemp[37mt[37ming over-th[37me[37m-air activ[37ma[37mtion (attem[37mp[37mt 3 of 5) [37m.[37m.. [37mf[37ma[37miled, cod[37me[37m -1116
15:01:33.886 > [Lo[37mR[37maWAN] Error[37m [37mcode: -111[37m6[37m
[37m15:01:37.884 > [[37mLoRaW[37mA[37mN] Attempti[37mn[37mg over-the[37m-[37mair activa[37mt[37mion (attemp[37mt[37m 4 of 5) .[37m.[37m. [37mf[37mailed, code[37m -1116
15:01:44.267 > [LoR[37ma[37mWAN] Error [37mc[37mode: -1116[37m[37m
[37m15:01:52.265 > [[37mLoRaWA[37mN[37m] Attemptin[37mg[37m over-the-[37ma[37mir activati[37mo[37mn (attempt[37m [37m5 of 5) ...[37m [37mf[37mailed, code -[37m1[37m116
15:01:58.990 > [LoRa[37mW[37mAN] Error c[37mo[37mde: -1116[37m
[37m15:02:14.988 > [[37mLoRaWAN][37m [37mFailed to [37mj[37moin after m[37ma[37mximum atte[37mm[37mpts.
[37m15:02:18.905 > M[37mo[37mtion de[37mt[37mected!
[37m15:02:22.397 > M[37motion detected!
[37m15:02:28.819 > M[37mo[37mtion det[37me[37mcted!
[37m15:02:32.681 > M[37motion det[37me[37mcted!
[37m15:02:37.553 > M[37mo[37mtion det[37me[37mcted!
[37m15:02:43.475 > M[37motion detected!
[37m15:02:46.247 > M[37mo[37mtion detec[37mt[37med!
[37m15:02:49.779 > M[37mo[37mtion dete[37mc[37mted!
[37m15:02:53.451 > M[37motion detec[37mt[37med!
[37m15:02:57.143 > M[37mo[37mtion detected!
[37m15:03:04.385 > M[37mo[37mtion detect[37me[37md!
[37m15:03:08.927 > M[37mo[37mtion detect[37me[37md!
[37m15:03:12.279 > M[37motion detecte[37md[37m!
[37m15:03:16.681 > M[37mo[37mtion detecte[37md[37m!
[37m15:03:20.333 > M[37motion detecte[37md[37m!
[37m15:03:24.145 > M[37mot[37mi[37mon detected[37m![37m
[37m15:03:27.927 > M[37mot[37mi[37mon detected[37m![37m
