[37m13:00:45.127 > P[37mIR[37m [37mmotion sen[37ms[37mor initiali[37mz[37med on pin [37m5[37m
13:00:45.131 > INFO: Mot[37mi[37mon sensor r[37me[37mady
[37m13:00:45.689 > [[37m [37m 4009][37m[[37mW][Wire.cpp[37m:[37m301] begin[37m([37m): Bus alre[37ma[37mdy started[37m [37min Master M[37mo[37mde.
13:00:45.696 > Scann[37mi[37mng I2C bus.[37m.[37m.
[37m13:00:45.713 > N[37mo[37m I2C de[37mv[37mices found[37m[37m
13:00:45.716 > Trying BME[37m2[37m80 at addr[37me[37mss 0x76... [37m[[37m  4033][W][37m[[37mWire.cpp:30[37m1[37m] begin():[37m [37mBus alread[37my[37m started in[37m [37mMaster Mod[37me[37m.
13:00:45.725 > Failed[37m[37m
13:00:45.726 > Trying BM[37mE[37m280 at addr[37me[37mss 0x77...[37m [37m[  4044][W][37m[[37mWire.cpp:30[37m1[37m] begin():[37m [37mBus already[37m [37mstarted in[37m [37mMaster Mode[37m.[37m
13:00:45.735 > Failed[37m
[37m13:00:45.736 > BME280 sen[37ms[37mor not foun[37md[37m!
13:00:45.738 > WARN: B[37mM[37mE280 sensor[37m [37mnot found![37m[37m
[37m13:00:46.597 > [[37mL[37moRaManage[37mr[37m] Creating[37m [37mSX1262 inst[37ma[37mnce...
13:00:46.601 > [S[37mX[37m1262] Initi[37ma[37mlizing ... [37ms[37mu[37mccess!
13:00:46.649 > [LoR[37ma[37mManager] Co[37mn[37mfiguring L[37mo[37mRaWAN for E[37mU[37m868 band..[37m.[37m
13:00:46.654 > [LoRaMana[37mg[37mer] Using [37mE[37mU868 region[37m [37mwith subba[37mn[37md: 2
13:00:46.658 > [LoRa[37mM[37manager] Ini[37mt[37mializing n[37mo[37mde...
13:00:46.661 > [LoR[37ma[37mManager] L[37mo[37mRaWAN node [37mi[37mnitialized[37m [37msuccessfull[37my[37m!
13:00:46.666 > LoRa in[37mi[37mtialized an[37md[37m ready
13:00:46.668 > IN[37mF[37mO: LoRa in[37mi[37mtialized
[37m13:00:46.971 > [[37mLoRaManager] Downlink call[37mb[37mack regist[37me[37mred
13:00:46.973 > Settin[37mg[37m LoRaWAN c[37mr[37medentials
[37m13:00:47.531 > I[37mN[37mFO: LoR[37ma[37mWAN credent[37mi[37mals set
[37m13:00:48.394 > [[37mLoR[37ma[37mWAN] Attemp[37mt[37ming over-t[37mh[37me-air activ[37ma[37mtion (atte[37mm[37mpt 1 of 5) [37m.[37m.. [37mf[37mailed, co[37md[37me -1116
13:00:54.771 > [LoRaWAN] Err[37mor code: -1[37m1[37m16
[37m13:00:55.769 > [[37mLoR[37maWAN] Attemp[37mt[37ming over-t[37mh[37me-air activ[37ma[37mtion (atte[37mm[37mpt 2 of 5) [37m.[37m.. [37mf[37ma[37miled, co[37md[37me -1116
13:01:02.494 > [L[37mo[37mRaWAN] Err[37mo[37mr code: -11[37m1[37m6
[37m13:01:04.493 > [[37mLoRa[37mW[37mAN] Attemp[37mt[37ming over-th[37me[37m-air activ[37ma[37mtion (atte[37mm[37mpt 3 of 5) [37m.[37m.. [37mE[37mSP-ROM:esp32s3[37m-[37m20210327
[37m13:01:10.637 > B[37mu[37mild:Mar 2[37m7[37m 2021
13:01:10.639 > rst:[37m0[37mx1 (POWERO[37mN[37m),boot:0x8 [37m([37mSPI_FAST_F[37mL[37mASH_BOOT)
[37m13:01:10.644 > S[37mPIWP:0xee
[37m13:01:10.645 > m[37mode:DIO, c[37ml[37mock div:1
[37m13:01:10.647 > l[37moad:0x3fce[37m3[37m808,len:0x4[37mb[37mc
13:01:10.649 > load:0x[37m4[37m03c9700,len[37m:[37m0xbd8
13:01:10.651 > loa[37md[37m:0x403cc700[37m,[37mlen:0x2a0c[37m[37m
13:01:10.654 > entry 0x40[37m3[37mc98d0
[37m13:01:10.742 > [[37m   110][37m[[37mV][esp32-ha[37ml[37m-uart.c:33[37m0[37m] uartBegin[37m([37m): UART0 b[37ma[37mud(115200) [37mM[37mode(800001[37mc[37m) rxPin(44)[37m [37mtxPin(43)[37m
[37m13:01:10.751 > [   119][V[37m][37m[esp32-hal[37m-[37muart.c:416][37m [37muartBegin()[37m:[37m UART0 not[37m [37minstalled. [37mS[37mtarting in[37ms[37mtallation
[37m13:01:10.759 > [[37m   12[37m7[37m][V][esp32[37m-[37mhal-uart.c:[37m4[37m67] uartBe[37mg[37min(): UART0[37m [37minitializa[37mt[37mion done.
[37m13:01:11.066 > 
[37m13:01:11.066 > 
13:01:11.066 > === Hel[37mt[37mec ESP32 Lo[37mR[37ma Sensor N[37mo[37mde ===
13:01:11.069 > Boo[37mt[37m count: 1[37m
[37m13:01:11.071 > Wakeup was [37mn[37mot caused [37mb[37my deep slee[37mp[37m
13:01:11.074 > [   434][37m[[37mI][esp32-ha[37ml[37m-i2c.c:75] [37mi[37m2cInit(): [37mI[37mnitialising[37m [37mI2C Master[37m:[37m sda=45 sc[37ml[37m=46 freq=10[37m0[37m000
[37m13:01:12.083 > D[37mispl[37ma[37my initiali[37mz[37med
[37m13:01:14.080 > P[37mI[37mR motio[37mn[37m sensor in[37mi[37mtialized on[37m [37mpin 5
13:01:14.084 > INF[37mO[37m: Motion se[37mn[37msor ready
[37m13:01:14.643 > [[37m  4011[37m][37m[W][Wire.cp[37mp[37m:301] begin[37m([37m): Bus alr[37me[37mady starte[37md[37m in Master [37mM[37mode.
13:01:14.649 > Scan[37mn[37ming I2C bus[37m.[37m..
[37m13:01:14.665 > N[37mo[37m I2C dev[37mi[37mces found
[37m13:01:14.668 > T[37mrying BME28[37m0[37m at addres[37ms[37m 0x76... [ [37m [37m4034][W][W[37mi[37mre.cpp:301][37m [37mbegin(): B[37mu[37ms already s[37mt[37marted in M[37ma[37mster Mode.[37m
[37m13:01:14.677 > Failed
[37m13:01:14.678 > T[37mrying BME28[37m0[37m at addres[37ms[37m 0x77... [ [37m [37m4045][W][W[37mi[37mre.cpp:301][37m [37mbegin(): B[37mu[37ms already s[37mt[37marted in M[37ma[37mster Mode.[37m
[37m13:01:14.687 > Failed
13:01:14.687 > B[37mM[37mE280 senso[37mr[37m not found![37m[37m
13:01:14.690 > WARN: BME[37m2[37m80 sensor n[37mo[37mt found!
[37m13:01:15.548 > [[37mL[37moRaManag[37me[37mr] Creatin[37mg[37m SX1262 ins[37mt[37mance...
13:01:15.552 > [[37mS[37mX1262] Init[37mi[37malizing ..[37m.[37m [37ms[37mu[37mccess![37m
[37m13:01:15.600 > [LoRaManag[37me[37mr] Configur[37mi[37mng LoRaWAN[37m [37mfor EU868 b[37ma[37mnd...
13:01:15.604 > [Lo[37mR[37maManager] U[37ms[37ming EU868 [37mr[37megion with [37ms[37mubband: 2[37m
[37m13:01:15.609 > [LoRaManage[37mr[37m] Initiali[37mz[37ming node...[37m[37m
13:01:15.612 > [LoRaMana[37mg[37mer] LoRaWAN[37m [37mnode initi[37ma[37mlized succe[37ms[37msfully!
13:01:15.616 > Lo[37mR[37ma initiali[37mz[37med and read[37my[37m
13:01:15.619 > INFO: Lo[37mR[37ma initializ[37me[37md
[37m13:01:15.919 > [[37mL[37moRaManag[37me[37mr] Downlin[37mk[37m callback r[37me[37mgistered
[37m13:01:15.924 > S[37metting LoRa[37mW[37mAN credent[37mi[37mals
[37m13:01:16.481 > I[37mN[37mFO: LoRaW[37mA[37mN credenti[37ma[37mls set
[37m13:01:17.343 > [[37mLoR[37ma[37mWAN] Attem[37mp[37mting over-t[37mh[37me-air acti[37mv[37mation (atte[37mm[37mpt 1 of 5)[37m [37m... 