[37m00:56:39.389 > E[37mSP-RO[37mM:esp32s3-2[37m0[37m210327
[37m00:56:39.394 > B[37mu[37mild:Mar 27 [37m2[37m021
00:56:39.396 > rst:0x[37m1[37m (POWERON)[37m,[37mboot:0x1c ([37mS[37mPI_FAST_FL[37mA[37mSH_BOOT)
00:56:39.400 > S[37mP[37mIWP:0xee
[37m00:56:39.402 > m[37mode:DIO, cl[37mo[37mck div:1
[37m00:56:39.404 > l[37moad:0x3fce3[37m8[37m08,len:0x4[37mb[37mc
00:56:39.406 > load:0x4[37m0[37m3c9700,len[37m:[37m0xbd8
00:56:39.408 > load[37m:[37m0x403cc700[37m,[37mlen:0x2a0c[37m
[37m00:56:39.411 > entry 0x40[37m3[37mc98d0
[37m00:56:39.521 > [[37m [37m  133][37m[[37mV][esp32-h[37ma[37ml-uart.c:33[37m0[37m] uartBegi[37mn[37m(): UART0 [37mb[37maud(115200)[37m [37mMode(800001[37mc[37m) rxPin(44[37m)[37m txPin(43)[37m
[37m00:56:39.531 > [   142][V[37m][37m[esp32-hal[37m-[37muart.c:416][37m [37muartBegin([37m)[37m: UART0 not[37m [37minstalled.[37m [37mStarting in[37ms[37mtallation[37m
[37m00:56:39.539 > [   1[37m5[37m1][V][esp32[37m-[37mhal-uart.c[37m:[37m467] uartBe[37mg[37min(): UART[37m0[37m initializa[37mt[37mion done.
[37m00:56:39.845 > 
[37m00:56:39.846 > 
[37m00:56:39.846 > === Heltec E[37mS[37mP32 LoRa Se[37mn[37msor Node =[37m=[37m=
00:56:39.849 > Boot cou[37mn[37mt: 1
00:56:39.850 > [   [37m4[37m57][I][esp3[37m2[37m-hal-i2c.c[37m:[37m75] i2cInit[37m([37m): Initiali[37ms[37ming I2C Ma[37ms[37mter: sda=46[37m [37mscl=45 fre[37mq[37m=100000
[37m00:56:40.861 > D[37mi[37msplay [37mi[37mnitialized[37m[37m
[37m00:56:43.436 > [[37m  4048][[37mW[37m][Wire.cpp:[37m301] begin([37m)[37m: Bus alrea[37md[37my started [37mi[37mn Master Mo[37md[37me.
00:56:43.443 > Scanni[37mn[37mg I2C bus.[37m.[37m.
[37m00:56:43.458 > I[37m2[37mC device fo[37mu[37mnd at addr[37me[37mss 0x76
00:56:43.461 > Fo[37mu[37mnd 1 I2C d[37me[37mvice(s)
00:56:43.463 > Tr[37my[37ming BME280 [37ma[37mt address [37m0[37mx76... [  4[37m0[37m71][W][Wir[37me[37m.cpp:301] b[37me[37mgin(): Bus[37m [37malready sta[37mr[37mted in Mas[37mt[37mer Mode.
[37m00:56:43.595 > S[37mu[37mccess!
[37m00:56:43.597 > B[37mME280 se[37mn[37msor initial[37mi[37mzed
[37m00:56:44.462 > [[37mS[37mX1262] [37mI[37mnitializin[37mg[37m ... [37ms[37mu[37mccess!
00:56:44.514 > Lo[37mR[37ma initializ[37me[37md and read[37my[37m
[37m00:56:46.246 > [[37mL[37moRaWAN] A[37mt[37mtempting ov[37me[37mr-the-air [37ma[37mctivation .[37m.[37m. [37mf[37ma[37miled, co[37md[37me -1106
[37m00:57:32.969 > E[37mS[37mP-R[37mO[37mM:esp32s3-[37m2[37m0210327
[37m00:57:32.975 > B[37mu[37mild:Mar 27[37m [37m2021
00:57:32.977 > rst:[37m0x1 (POWERON[37m)[37m,boot:0x1c [37m([37mSPI_FAST_F[37mL[37mASH_BOOT)
[37m00:57:32.982 > S[37mPIWP:0xee[37m
[37m00:57:32.983 > mode:DIO, c[37ml[37mock div:1[37m
[37m00:57:32.985 > load:0x3fce[37m3[37m808,len:0x[37m4[37mbc
00:57:32.987 > load:0x[37m4[37m03c9700,le[37mn[37m:0xbd8
00:57:32.989 > loa[37md[37m:0x403cc70[37m0[37m,len:0x2a0c[37m[37m
00:57:32.992 > entry 0x4[37m0[37m3c98d0
[37m00:57:33.102 > [[37m [37m  133[37m][37m[V][esp32-[37mh[37mal-uart.c:3[37m3[37m0] uartBeg[37mi[37mn(): UART0 [37mb[37maud(115200[37m)[37m Mode(80000[37m1[37mc) rxPin(4[37m4[37m) txPin(43)[37m[37m
00:57:33.112 > [   142][[37mV[37m][esp32-ha[37ml[37m-uart.c:416[37m][37m uartBegin[37m([37m): UART0 no[37mt[37m installed[37m.[37m Starting [37mi[37mnstallation[37m[37m
00:57:33.120 > [   [37m1[37m51][V][esp3[37m2[37m-hal-uart.[37mc[37m:467] uartB[37me[37mgin(): UAR[37mT[37m0 initializ[37ma[37mtion done.[37m
[37m00:57:33.426 > 
[37m00:57:33.427 > 
[37m00:57:33.427 > === Heltec [37mESP32 LoRa S[37me[37mnsor Node =[37m=[37m=
00:57:33.430 > Boot co[37mu[37mnt: 1
00:57:33.431 > [   [37m4[37m57][I][esp[37m3[37m2-hal-i2c.c[37m:[37m75] i2cIni[37mt[37m(): Initia[37ml[37mising I2C M[37ma[37mster: sda=[37m4[37m6 scl=45 fr[37me[37mq=100000
[37m00:57:34.442 > D[37mi[37msplay[37m [37minitialized[37m[37m
[37m00:57:37.017 > [[37m [37m 4048][[37mW[37m][Wire.cpp[37m:[37m301] begin([37m)[37m: Bus alre[37ma[37mdy started [37mi[37mn Master M[37mo[37mde.
00:57:37.024 > Scanni[37mn[37mg I2C bus.[37m.[37m.
[37m00:57:37.038 > I[37m2[37mC device fo[37mu[37mnd at addr[37me[37mss 0x76
00:57:37.042 > Fo[37mu[37mnd 1 I2C d[37me[37mvice(s)
00:57:37.044 > Tr[37my[37ming BME280[37m [37mat address [37m0[37mx76... [  [37m4[37m071][W][Wir[37me[37m.cpp:301] [37mb[37megin(): Bus[37m [37malready st[37ma[37mrted in Mas[37mt[37mer Mode.
[37m00:57:37.176 > S[37mu[37mccess!
[37m00:57:37.178 > B[37mME280 s[37me[37mnsor initia[37mlized
[37m00:57:38.043 > [[37mS[37mX1262[37m][37m Initializi[37mn[37mg ... [37ms[37mu[37mccess!
00:57:38.095 > L[37mo[37mRa initiali[37mz[37med and rea[37md[37my
[37m00:57:39.827 > [[37mL[37moRaWAN] Attempting[37m [37mover-the-ai[37mr activatio[37mn[37m ... [37mf[37maile[37md[37m, code -11[37m1[37m6
[37m00:58:54.645 > E[37mSP-[37mR[37mOM:esp32s3-[37m2[37m0210327
[37m00:58:54.651 > B[37mu[37mild:Mar 2[37m7[37m 2021
00:58:54.653 > rst:[37m0[37mx1 (POWERO[37mN[37m),boot:0x1c[37m [37m(SPI_FAST_[37mF[37mLASH_BOOT)[37m
[37m00:58:54.658 > SPIWP:0xee[37m[37m
00:58:54.659 > mode:DIO, [37mc[37mlock div:1[37m[37m
00:58:54.661 > load:0x3fc[37me[37m3808,len:0[37mx[37m4bc
00:58:54.663 > load:0[37mx[37m403c9700,l[37me[37mn:0xbd8
00:58:54.665 > lo[37ma[37md:0x403cc7[37m0[37m0,len:0x2a0[37mc[37m
00:58:54.668 > entry 0x4[37m0[37m3c98d0
[37m00:58:54.778 > [[37m [37m  13[37m3[37m][V][esp32[37m-[37mhal-uart.c:[37m3[37m30] uartBe[37mg[37min(): UART0[37m [37mbaud(11520[37m0[37m) Mode(8000[37m0[37m1c) rxPin(4[37m4[37m) txPin(43[37m)[37m
00:58:54.788 > [   142][37m[[37mV][esp32-h[37ma[37ml-uart.c:41[37m6[37m] uartBegi[37mn[37m(): UART0 n[37mo[37mt installe[37md[37m. Starting [37mi[37mnstallatio[37mn[37m
00:58:54.796 > [   [37m1[37m51][V][esp[37m3[37m2-hal-uart.[37mc[37m:467] uart[37mB[37megin(): UAR[37mT[37m0 initiali[37mz[37mation done.[37m[37m
[37m00:58:55.102 > 
[37m00:58:55.103 > 
[37m00:58:55.103 > === Heltec [37mE[37mSP32 LoRa [37mS[37mensor Node [37m=[37m==
00:58:55.106 > Boot c[37mount: 1
00:58:55.107 > [ [37m  457][I][es[37mp[37m32-hal-i2c.[37mc[37m:75] i2cIn[37mi[37mt(): Initia[37ml[37mising I2C [37mM[37master: sda=[37m4[37m6 scl=45 f[37mr[37meq=100000
[37m00:58:56.118 > D[37mi[37mspl[37ma[37my initializ[37me[37md
[37m00:58:58.692 > [[37m [37m 4047][[37mW[37m][Wire.cpp[37m:[37m301] begin([37m)[37m: Bus alre[37ma[37mdy started [37mi[37mn Master M[37mo[37mde.
00:58:58.699 > Scanni[37mn[37mg I2C bus.[37m.[37m.
[37m00:58:58.714 > I[37m2[37mC device fo[37mu[37mnd at addr[37me[37mss 0x76
00:58:58.717 > Fo[37mu[37mnd 1 I2C d[37me[37mvice(s)
00:58:58.719 > Tr[37my[37ming BME280[37m [37mat address[37m [37m0x76... [  [37m4[37m070][W][Wir[37me[37m.cpp:301] [37mb[37megin(): Bus[37m [37malready st[37ma[37mrted in Mas[37mt[37mer Mode.
[37m00:58:58.851 > S[37mu[37mccess!
[37m00:58:58.853 > B[37mME280 s[37me[37mnsor initi[37ma[37mlized
[37m00:58:59.718 > [[37mS[37mX1262[37m][37m Initializi[37mn[37mg ... [37ms[37mu[37mccess!
00:58:59.770 > L[37mo[37mRa initial[37mi[37mzed and re[37ma[37mdy
[37m00:59:01.502 > [[37mL[37moRaWAN[37m][37m Attempting[37m [37mover-the-ai[37mr[37m activatio[37mn[37m ... [37mf[37ma[37miled, cod[37me[37m -1118
