{
  "name": "as.up.data.forward",
  "time": "2025-04-01T20:10:56.650394075Z",
  "identifiers": [
    {
      "device_ids": {
        "device_id": "heltec-othp-30d7",
        "application_ids": {
          "application_id": "fms-demo-smart-office"
        },
        "dev_eui": "EABB82D8689A30D7",
        "join_eui": "EABB82D8689A30D7",
        "dev_addr": "27FD483A"
      }
    }
  ],
  "data": {
    "@type": "type.googleapis.com/ttn.lorawan.v3.ApplicationUp",
    "end_device_ids": {
      "device_id": "heltec-othp-30d7",
      "application_ids": {
        "application_id": "fms-demo-smart-office"
      },
      "dev_eui": "EABB82D8689A30D7",
      "join_eui": "EABB82D8689A30D7",
      "dev_addr": "27FD483A"
    },
    "correlation_ids": [
      "gs:uplink:01JQSFMYHHE2JDE9A94MZG0SS6"
    ],
    "received_at": "2025-04-01T20:10:56.644557950Z",
    "uplink_message": {
      "session_key_id": "AZXy+WNrB944xFiOFLw7Nw==",
      "f_port": 1,
      "f_cnt": 4,
      "frm_payload": "AREB3ABiAQA=",
      "decoded_payload": {
        "humidity": 0.5,
        "last_rssi": 256,
        "motion_detected": false,
        "pressure": 6532,
        "status": {
          "humidity_valid": true,
          "pressure_valid": false,
          "rssi_valid": false,
          "temperature_valid": true
        },
        "temperature": {
          "celsius": 2.73,
          "fahrenheit": 36.914
        }
      },
      "rx_metadata": [
        {
          "gateway_ids": {
            "gateway_id": "fms-iot-things",
            "eui": "24E124FFFEF2F8C3"
          },
          "time": "2025-04-01T20:10:56.394Z",
          "timestamp": 2570988344,
          "rssi": -64,
          "channel_rssi": -64,
          "snr": 12.2,
          "frequency_offset": "-474",
          "location": {
            "latitude": 30.2263929475762,
            "longitude": -97.7599310874939,
            "altitude": 187,
            "source": "SOURCE_REGISTRY"
          },
          "uplink_token": "ChwKGgoOZm1zLWlvdC10aGluZ3MSCCThJP/+8vjDELjW+MkJGgwI0JCxvwYQmfXmzgEgwKXj1unCVioMCNCQsb8GEIDt77sB",
          "channel_index": 6,
          "gps_time": "2025-04-01T20:10:56.394Z",
          "received_at": "2025-04-01T20:10:56.410223098Z"
        }
      ],
      "settings": {
        "data_rate": {
          "lora": {
            "bandwidth": 125000,
            "spreading_factor": 9,
            "coding_rate": "4/5"
          }
        },
        "frequency": "905100000",
        "timestamp": 2570988344,
        "time": "2025-04-01T20:10:56.394Z"
      },
      "received_at": "2025-04-01T20:10:56.434313601Z",
      "confirmed": true,
      "consumed_airtime": "0.185344s",
      "network_ids": {
        "net_id": "000013",
        "ns_id": "EC656E0000102C53",
        "tenant_id": "fmsiotcloud",
        "cluster_id": "nam1",
        "cluster_address": "nam1.cloud.thethings.industries",
        "tenant_address": "fmsiotcloud.nam1.cloud.thethings.industries"
      }
    }
  },
  "correlation_ids": [
    "gs:uplink:01JQSFMYHHE2JDE9A94MZG0SS6"
  ],
  "origin": "ip-10-22-13-98.us-west-1.compute.internal",
  "context": {
    "tenant-id": "CgtmbXNpb3RjbG91ZA=="
  },
  "visibility": {
    "rights": [
      "RIGHT_APPLICATION_TRAFFIC_READ"
    ]
  },
  "unique_id": "01JQSFMYRAXQE8KDVF94G3A9Z3"
}